SCALES:
X: 0.09	 Xmm: 0.009
Y: 0.15	 Ymm: 0.015

COORDINATES:
X: 0.0, 0.09, 0.18, 0.27, 0.36, 0.45, 0.54, 0.63, 0.72, 0.81, 0.9, 0.99, 1.08, 1.17, 1.26, 1.35, 1.44, 1.53
Y: 0.0, 0.15, 0.3, 0.45, 0.6, 0.75, 0.9, 1.05, 1.2, 1.35, 1.5, 1.65, 1.8, 1.95, 2.1, 2.25, 2.4, 2.55, 2.7, 2.85, 3.0, 3.15, 3.3, 3.45, 3.6, 3.75

DATAPOINTS:
X: 0.36
Xoffset: 9
Y: 1.05
Yoffset: 9

X: 0.45
Xoffset: 7
Y: 1.35
Yoffset: 0

X: 0.54
Xoffset: 6
Y: 1.5
Yoffset: 6

X: 0.63
Xoffset: 7
Y: 1.8
Yoffset: 1

X: 0.81
Xoffset: 2
Y: 2.1
Yoffset: 7

X: 0.99
Xoffset: 1
Y: 2.55
Yoffset: 3

X: 1.17
Xoffset: 7
Y: 3.0
Yoffset: 8

X: 1.53
Xoffset: 3
Y: 3.75
Yoffset: 8

FITLINE:
Gradient: 2.404024380061785
Intersect: 0.15780412457209625

FITPOINTS:
X: 0.0
Y: 0.15
Yoffset: 1

X: 1.53
Y: 3.75
Yoffset: 6

GRAVITYPOINT:
X: 0.81
Xoffset: 5
Y: 2.1
Yoffset: 8

X: 0.86
Y: 2.22
